<?xml version="1.0" encoding="UTF-8"?>
<testsuite xmlns:xsi="http://www.w3.org/2001/XMLSchema-instance" xsi:noNamespaceSchemaLocation="https://maven.apache.org/surefire/maven-surefire-plugin/xsd/surefire-test-report-3.0.xsd" version="3.0" name="TestRunnerUW.TestRunner" time="384.117" tests="1" errors="1" skipped="0" failures="0">
  <properties>
    <property name="sun.desktop" value="windows"/>
    <property name="awt.toolkit" value="sun.awt.windows.WToolkit"/>
    <property name="file.encoding.pkg" value="sun.io"/>
    <property name="java.specification.version" value="1.8"/>
    <property name="sun.cpu.isalist" value=""/>
    <property name="sun.jnu.encoding" value="Cp1252"/>
    <property name="java.class.path" value="H:\Automation_Workspace\UWAppian\com.UWAppianAutomation\target\test-classes;H:\Automation_Workspace\UWAppian\com.UWAppianAutomation\target\classes;C:\Users\Vikash.Kumar\.m2\repository\junit\junit\4.13.2\junit-4.13.2.jar;C:\Users\Vikash.Kumar\.m2\repository\org\hamcrest\hamcrest-core\1.3\hamcrest-core-1.3.jar;C:\Users\Vikash.Kumar\.m2\repository\org\seleniumhq\selenium\selenium-java\3.141.59\selenium-java-3.141.59.jar;C:\Users\Vikash.Kumar\.m2\repository\org\seleniumhq\selenium\selenium-api\3.141.59\selenium-api-3.141.59.jar;C:\Users\Vikash.Kumar\.m2\repository\org\seleniumhq\selenium\selenium-chrome-driver\3.141.59\selenium-chrome-driver-3.141.59.jar;C:\Users\Vikash.Kumar\.m2\repository\org\seleniumhq\selenium\selenium-edge-driver\3.141.59\selenium-edge-driver-3.141.59.jar;C:\Users\Vikash.Kumar\.m2\repository\org\seleniumhq\selenium\selenium-firefox-driver\3.141.59\selenium-firefox-driver-3.141.59.jar;C:\Users\Vikash.Kumar\.m2\repository\org\seleniumhq\selenium\selenium-ie-driver\3.141.59\selenium-ie-driver-3.141.59.jar;C:\Users\Vikash.Kumar\.m2\repository\org\seleniumhq\selenium\selenium-opera-driver\3.141.59\selenium-opera-driver-3.141.59.jar;C:\Users\Vikash.Kumar\.m2\repository\org\seleniumhq\selenium\selenium-remote-driver\3.141.59\selenium-remote-driver-3.141.59.jar;C:\Users\Vikash.Kumar\.m2\repository\org\seleniumhq\selenium\selenium-safari-driver\3.141.59\selenium-safari-driver-3.141.59.jar;C:\Users\Vikash.Kumar\.m2\repository\org\seleniumhq\selenium\selenium-support\3.141.59\selenium-support-3.141.59.jar;C:\Users\Vikash.Kumar\.m2\repository\net\bytebuddy\byte-buddy\1.8.15\byte-buddy-1.8.15.jar;C:\Users\Vikash.Kumar\.m2\repository\org\apache\commons\commons-exec\1.3\commons-exec-1.3.jar;C:\Users\Vikash.Kumar\.m2\repository\com\google\guava\guava\25.0-jre\guava-25.0-jre.jar;C:\Users\Vikash.Kumar\.m2\repository\com\google\code\findbugs\jsr305\1.3.9\jsr305-1.3.9.jar;C:\Users\Vikash.Kumar\.m2\repository\org\checkerframework\checker-compat-qual\2.0.0\checker-compat-qual-2.0.0.jar;C:\Users\Vikash.Kumar\.m2\repository\com\google\errorprone\error_prone_annotations\2.1.3\error_prone_annotations-2.1.3.jar;C:\Users\Vikash.Kumar\.m2\repository\com\google\j2objc\j2objc-annotations\1.1\j2objc-annotations-1.1.jar;C:\Users\Vikash.Kumar\.m2\repository\org\codehaus\mojo\animal-sniffer-annotations\1.14\animal-sniffer-annotations-1.14.jar;C:\Users\Vikash.Kumar\.m2\repository\com\squareup\okhttp3\okhttp\3.11.0\okhttp-3.11.0.jar;C:\Users\Vikash.Kumar\.m2\repository\com\squareup\okio\okio\1.14.0\okio-1.14.0.jar;C:\Users\Vikash.Kumar\.m2\repository\io\cucumber\cucumber-java\6.11.0\cucumber-java-6.11.0.jar;C:\Users\Vikash.Kumar\.m2\repository\io\cucumber\cucumber-core\6.11.0\cucumber-core-6.11.0.jar;C:\Users\Vikash.Kumar\.m2\repository\io\cucumber\cucumber-gherkin\6.11.0\cucumber-gherkin-6.11.0.jar;C:\Users\Vikash.Kumar\.m2\repository\io\cucumber\cucumber-gherkin-messages\6.11.0\cucumber-gherkin-messages-6.11.0.jar;C:\Users\Vikash.Kumar\.m2\repository\io\cucumber\messages\15.0.0\messages-15.0.0.jar;C:\Users\Vikash.Kumar\.m2\repository\io\cucumber\tag-expressions\3.0.1\tag-expressions-3.0.1.jar;C:\Users\Vikash.Kumar\.m2\repository\io\cucumber\cucumber-expressions\10.3.0\cucumber-expressions-10.3.0.jar;C:\Users\Vikash.Kumar\.m2\repository\io\cucumber\datatable\3.5.0\datatable-3.5.0.jar;C:\Users\Vikash.Kumar\.m2\repository\io\cucumber\cucumber-plugin\6.11.0\cucumber-plugin-6.11.0.jar;C:\Users\Vikash.Kumar\.m2\repository\io\cucumber\docstring\6.11.0\docstring-6.11.0.jar;C:\Users\Vikash.Kumar\.m2\repository\io\cucumber\html-formatter\13.0.0\html-formatter-13.0.0.jar;C:\Users\Vikash.Kumar\.m2\repository\io\cucumber\create-meta\4.0.0\create-meta-4.0.0.jar;C:\Users\Vikash.Kumar\.m2\repository\org\apiguardian\apiguardian-api\1.1.2\apiguardian-api-1.1.2.jar;C:\Users\Vikash.Kumar\.m2\repository\io\cucumber\cucumber-junit\6.11.0\cucumber-junit-6.11.0.jar;C:\Users\Vikash.Kumar\.m2\repository\net\serenity-bdd\serenity-core\3.2.1\serenity-core-3.2.1.jar;C:\Users\Vikash.Kumar\.m2\repository\net\serenity-bdd\serenity-model\3.2.1\serenity-model-3.2.1.jar;C:\Users\Vikash.Kumar\.m2\repository\org\apache\commons\commons-text\1.9\commons-text-1.9.jar;C:\Users\Vikash.Kumar\.m2\repository\commons-net\commons-net\3.8.0\commons-net-3.8.0.jar;C:\Users\Vikash.Kumar\.m2\repository\com\google\inject\guice\5.1.0\guice-5.1.0.jar;C:\Users\Vikash.Kumar\.m2\repository\javax\inject\javax.inject\1\javax.inject-1.jar;C:\Users\Vikash.Kumar\.m2\repository\aopalliance\aopalliance\1.0\aopalliance-1.0.jar;C:\Users\Vikash.Kumar\.m2\repository\org\jsoup\jsoup\1.14.3\jsoup-1.14.3.jar;C:\Users\Vikash.Kumar\.m2\repository\com\thoughtworks\xstream\xstream\1.4.19\xstream-1.4.19.jar;C:\Users\Vikash.Kumar\.m2\repository\io\github\x-stream\mxparser\1.2.2\mxparser-1.2.2.jar;C:\Users\Vikash.Kumar\.m2\repository\xmlpull\xmlpull\1.1.3.1\xmlpull-1.1.3.1.jar;C:\Users\Vikash.Kumar\.m2\repository\com\typesafe\config\1.4.2\config-1.4.2.jar;C:\Users\Vikash.Kumar\.m2\repository\org\imgscalr\imgscalr-lib\4.2\imgscalr-lib-4.2.jar;C:\Users\Vikash.Kumar\.m2\repository\org\awaitility\awaitility\4.2.0\awaitility-4.2.0.jar;C:\Users\Vikash.Kumar\.m2\repository\io\github\classgraph\classgraph\4.8.138\classgraph-4.8.138.jar;C:\Users\Vikash.Kumar\.m2\repository\net\sourceforge\jexcelapi\jxl\2.6.12\jxl-2.6.12.jar;C:\Users\Vikash.Kumar\.m2\repository\net\bytebuddy\byte-buddy-agent\1.12.8\byte-buddy-agent-1.12.8.jar;C:\Users\Vikash.Kumar\.m2\repository\org\objenesis\objenesis\3.1\objenesis-3.1.jar;C:\Users\Vikash.Kumar\.m2\repository\net\serenity-bdd\serenity-reports\3.2.1\serenity-reports-3.2.1.jar;C:\Users\Vikash.Kumar\.m2\repository\net\serenity-bdd\serenity-stats\3.2.1\serenity-stats-3.2.1.jar;C:\Users\Vikash.Kumar\.m2\repository\org\jetbrains\kotlin\kotlin-stdlib\1.6.0\kotlin-stdlib-1.6.0.jar;C:\Users\Vikash.Kumar\.m2\repository\org\jetbrains\annotations\13.0\annotations-13.0.jar;C:\Users\Vikash.Kumar\.m2\repository\org\jetbrains\kotlin\kotlin-stdlib-common\1.6.0\kotlin-stdlib-common-1.6.0.jar;C:\Users\Vikash.Kumar\.m2\repository\net\serenity-bdd\serenity-reports-configuration\3.2.1\serenity-reports-configuration-3.2.1.jar;C:\Users\Vikash.Kumar\.m2\repository\com\vladsch\flexmark\flexmark-all\0.34.30\flexmark-all-0.34.30.jar;C:\Users\Vikash.Kumar\.m2\repository\com\vladsch\flexmark\flexmark\0.34.30\flexmark-0.34.30.jar;C:\Users\Vikash.Kumar\.m2\repository\com\vladsch\flexmark\flexmark-ext-abbreviation\0.34.30\flexmark-ext-abbreviation-0.34.30.jar;C:\Users\Vikash.Kumar\.m2\repository\com\vladsch\flexmark\flexmark-ext-admonition\0.34.30\flexmark-ext-admonition-0.34.30.jar;C:\Users\Vikash.Kumar\.m2\repository\com\vladsch\flexmark\flexmark-ext-anchorlink\0.34.30\flexmark-ext-anchorlink-0.34.30.jar;C:\Users\Vikash.Kumar\.m2\repository\com\vladsch\flexmark\flexmark-ext-aside\0.34.30\flexmark-ext-aside-0.34.30.jar;C:\Users\Vikash.Kumar\.m2\repository\com\vladsch\flexmark\flexmark-ext-attributes\0.34.30\flexmark-ext-attributes-0.34.30.jar;C:\Users\Vikash.Kumar\.m2\repository\com\vladsch\flexmark\flexmark-ext-autolink\0.34.30\flexmark-ext-autolink-0.34.30.jar;C:\Users\Vikash.Kumar\.m2\repository\org\nibor\autolink\autolink\0.6.0\autolink-0.6.0.jar;C:\Users\Vikash.Kumar\.m2\repository\com\vladsch\flexmark\flexmark-ext-definition\0.34.30\flexmark-ext-definition-0.34.30.jar;C:\Users\Vikash.Kumar\.m2\repository\com\vladsch\flexmark\flexmark-ext-emoji\0.34.30\flexmark-ext-emoji-0.34.30.jar;C:\Users\Vikash.Kumar\.m2\repository\com\vladsch\flexmark\flexmark-ext-enumerated-reference\0.34.30\flexmark-ext-enumerated-reference-0.34.30.jar;C:\Users\Vikash.Kumar\.m2\repository\com\vladsch\flexmark\flexmark-ext-escaped-character\0.34.30\flexmark-ext-escaped-character-0.34.30.jar;C:\Users\Vikash.Kumar\.m2\repository\com\vladsch\flexmark\flexmark-ext-footnotes\0.34.30\flexmark-ext-footnotes-0.34.30.jar;C:\Users\Vikash.Kumar\.m2\repository\com\vladsch\flexmark\flexmark-ext-gfm-issues\0.34.30\flexmark-ext-gfm-issues-0.34.30.jar;C:\Users\Vikash.Kumar\.m2\repository\com\vladsch\flexmark\flexmark-ext-gfm-strikethrough\0.34.30\flexmark-ext-gfm-strikethrough-0.34.30.jar;C:\Users\Vikash.Kumar\.m2\repository\com\vladsch\flexmark\flexmark-ext-gfm-tables\0.34.30\flexmark-ext-gfm-tables-0.34.30.jar;C:\Users\Vikash.Kumar\.m2\repository\com\vladsch\flexmark\flexmark-ext-gfm-tasklist\0.34.30\flexmark-ext-gfm-tasklist-0.34.30.jar;C:\Users\Vikash.Kumar\.m2\repository\com\vladsch\flexmark\flexmark-ext-gfm-users\0.34.30\flexmark-ext-gfm-users-0.34.30.jar;C:\Users\Vikash.Kumar\.m2\repository\com\vladsch\flexmark\flexmark-ext-gitlab\0.34.30\flexmark-ext-gitlab-0.34.30.jar;C:\Users\Vikash.Kumar\.m2\repository\com\vladsch\flexmark\flexmark-ext-jekyll-front-matter\0.34.30\flexmark-ext-jekyll-front-matter-0.34.30.jar;C:\Users\Vikash.Kumar\.m2\repository\com\vladsch\flexmark\flexmark-ext-jekyll-tag\0.34.30\flexmark-ext-jekyll-tag-0.34.30.jar;C:\Users\Vikash.Kumar\.m2\repository\com\vladsch\flexmark\flexmark-ext-media-tags\0.34.30\flexmark-ext-media-tags-0.34.30.jar;C:\Users\Vikash.Kumar\.m2\repository\com\vladsch\flexmark\flexmark-test-util\0.34.30\flexmark-test-util-0.34.30.jar;C:\Users\Vikash.Kumar\.m2\repository\com\vladsch\flexmark\flexmark-ext-ins\0.34.30\flexmark-ext-ins-0.34.30.jar;C:\Users\Vikash.Kumar\.m2\repository\com\vladsch\flexmark\flexmark-ext-xwiki-macros\0.34.30\flexmark-ext-xwiki-macros-0.34.30.jar;C:\Users\Vikash.Kumar\.m2\repository\com\vladsch\flexmark\flexmark-ext-superscript\0.34.30\flexmark-ext-superscript-0.34.30.jar;C:\Users\Vikash.Kumar\.m2\repository\com\vladsch\flexmark\flexmark-ext-tables\0.34.30\flexmark-ext-tables-0.34.30.jar;C:\Users\Vikash.Kumar\.m2\repository\com\vladsch\flexmark\flexmark-ext-toc\0.34.30\flexmark-ext-toc-0.34.30.jar;C:\Users\Vikash.Kumar\.m2\repository\com\vladsch\flexmark\flexmark-ext-typographic\0.34.30\flexmark-ext-typographic-0.34.30.jar;C:\Users\Vikash.Kumar\.m2\repository\com\vladsch\flexmark\flexmark-ext-wikilink\0.34.30\flexmark-ext-wikilink-0.34.30.jar;C:\Users\Vikash.Kumar\.m2\repository\com\vladsch\flexmark\flexmark-ext-yaml-front-matter\0.34.30\flexmark-ext-yaml-front-matter-0.34.30.jar;C:\Users\Vikash.Kumar\.m2\repository\com\vladsch\flexmark\flexmark-ext-youtube-embedded\0.34.30\flexmark-ext-youtube-embedded-0.34.30.jar;C:\Users\Vikash.Kumar\.m2\repository\com\vladsch\flexmark\flexmark-formatter\0.34.30\flexmark-formatter-0.34.30.jar;C:\Users\Vikash.Kumar\.m2\repository\com\vladsch\flexmark\flexmark-html-parser\0.34.30\flexmark-html-parser-0.34.30.jar;C:\Users\Vikash.Kumar\.m2\repository\com\vladsch\flexmark\flexmark-jira-converter\0.34.30\flexmark-jira-converter-0.34.30.jar;C:\Users\Vikash.Kumar\.m2\repository\com\vladsch\flexmark\flexmark-pdf-converter\0.34.30\flexmark-pdf-converter-0.34.30.jar;C:\Users\Vikash.Kumar\.m2\repository\com\openhtmltopdf\openhtmltopdf-core\0.0.1-RC13\openhtmltopdf-core-0.0.1-RC13.jar;C:\Users\Vikash.Kumar\.m2\repository\com\openhtmltopdf\openhtmltopdf-pdfbox\0.0.1-RC13\openhtmltopdf-pdfbox-0.0.1-RC13.jar;C:\Users\Vikash.Kumar\.m2\repository\org\apache\pdfbox\xmpbox\2.0.8\xmpbox-2.0.8.jar;C:\Users\Vikash.Kumar\.m2\repository\com\openhtmltopdf\openhtmltopdf-rtl-support\0.0.1-RC13\openhtmltopdf-rtl-support-0.0.1-RC13.jar;C:\Users\Vikash.Kumar\.m2\repository\com\ibm\icu\icu4j\59.1\icu4j-59.1.jar;C:\Users\Vikash.Kumar\.m2\repository\com\openhtmltopdf\openhtmltopdf-jsoup-dom-converter\0.0.1-RC13\openhtmltopdf-jsoup-dom-converter-0.0.1-RC13.jar;C:\Users\Vikash.Kumar\.m2\repository\com\vladsch\flexmark\flexmark-profile-pegdown\0.34.30\flexmark-profile-pegdown-0.34.30.jar;C:\Users\Vikash.Kumar\.m2\repository\com\vladsch\flexmark\flexmark-util\0.34.30\flexmark-util-0.34.30.jar;C:\Users\Vikash.Kumar\.m2\repository\com\vladsch\flexmark\flexmark-youtrack-converter\0.34.30\flexmark-youtrack-converter-0.34.30.jar;C:\Users\Vikash.Kumar\.m2\repository\es\nitaur\markdown\txtmark\0.16\txtmark-0.16.jar;C:\Users\Vikash.Kumar\.m2\repository\net\serenity-bdd\serenity-report-resources\3.2.1\serenity-report-resources-3.2.1.jar;C:\Users\Vikash.Kumar\.m2\repository\com\google\code\gson\gson\2.9.0\gson-2.9.0.jar;C:\Users\Vikash.Kumar\.m2\repository\com\fasterxml\jackson\core\jackson-core\2.13.2\jackson-core-2.13.2.jar;C:\Users\Vikash.Kumar\.m2\repository\com\fasterxml\jackson\core\jackson-databind\2.13.2\jackson-databind-2.13.2.jar;C:\Users\Vikash.Kumar\.m2\repository\com\fasterxml\jackson\core\jackson-annotations\2.13.2\jackson-annotations-2.13.2.jar;C:\Users\Vikash.Kumar\.m2\repository\commons-codec\commons-codec\1.15\commons-codec-1.15.jar;C:\Users\Vikash.Kumar\.m2\repository\commons-io\commons-io\2.11.0\commons-io-2.11.0.jar;C:\Users\Vikash.Kumar\.m2\repository\org\projectlombok\lombok\1.18.20\lombok-1.18.20.jar;C:\Users\Vikash.Kumar\.m2\repository\io\appium\java-client\8.0.0\java-client-8.0.0.jar;C:\Users\Vikash.Kumar\.m2\repository\commons-validator\commons-validator\1.7\commons-validator-1.7.jar;C:\Users\Vikash.Kumar\.m2\repository\commons-digester\commons-digester\2.1\commons-digester-2.1.jar;C:\Users\Vikash.Kumar\.m2\repository\org\aspectj\aspectjweaver\1.9.8\aspectjweaver-1.9.8.jar;C:\Users\Vikash.Kumar\.m2\repository\org\codehaus\groovy\groovy\3.0.10\groovy-3.0.10.jar;C:\Users\Vikash.Kumar\.m2\repository\net\sf\opencsv\opencsv\2.0\opencsv-2.0.jar;C:\Users\Vikash.Kumar\.m2\repository\commons-beanutils\commons-beanutils\1.9.4\commons-beanutils-1.9.4.jar;C:\Users\Vikash.Kumar\.m2\repository\org\apache\commons\commons-lang3\3.12.0\commons-lang3-3.12.0.jar;C:\Users\Vikash.Kumar\.m2\repository\commons-collections\commons-collections\3.2.2\commons-collections-3.2.2.jar;C:\Users\Vikash.Kumar\.m2\repository\org\fluentlenium\fluentlenium-core\0.10.2\fluentlenium-core-0.10.2.jar;C:\Users\Vikash.Kumar\.m2\repository\com\jhlabs\filters\2.0.235\filters-2.0.235.jar;C:\Users\Vikash.Kumar\.m2\repository\com\paulhammant\ngwebdriver\1.1.6\ngwebdriver-1.1.6.jar;C:\Users\Vikash.Kumar\.m2\repository\joda-time\joda-time\2.8.2\joda-time-2.8.2.jar;C:\Users\Vikash.Kumar\.m2\repository\org\hamcrest\hamcrest\2.2\hamcrest-2.2.jar;C:\Users\Vikash.Kumar\.m2\repository\com\google\jimfs\jimfs\1.2\jimfs-1.2.jar;C:\Users\Vikash.Kumar\.m2\repository\org\mockito\mockito-core\3.3.3\mockito-core-3.3.3.jar;C:\Users\Vikash.Kumar\.m2\repository\org\assertj\assertj-core\3.22.0\assertj-core-3.22.0.jar;C:\Users\Vikash.Kumar\.m2\repository\javax\xml\bind\jaxb-api\2.3.1\jaxb-api-2.3.1.jar;C:\Users\Vikash.Kumar\.m2\repository\javax\activation\javax.activation-api\1.2.0\javax.activation-api-1.2.0.jar;C:\Users\Vikash.Kumar\.m2\repository\com\sun\xml\bind\jaxb-core\2.3.0.1\jaxb-core-2.3.0.1.jar;C:\Users\Vikash.Kumar\.m2\repository\com\sun\xml\bind\jaxb-impl\2.3.3\jaxb-impl-2.3.3.jar;C:\Users\Vikash.Kumar\.m2\repository\jakarta\xml\bind\jakarta.xml.bind-api\2.3.3\jakarta.xml.bind-api-2.3.3.jar;C:\Users\Vikash.Kumar\.m2\repository\com\sun\activation\jakarta.activation\1.2.2\jakarta.activation-1.2.2.jar;C:\Users\Vikash.Kumar\.m2\repository\javax\activation\activation\1.1.1\activation-1.1.1.jar;C:\Users\Vikash.Kumar\.m2\repository\io\github\bonigarcia\webdrivermanager\5.3.3\webdrivermanager-5.3.3.jar;C:\Users\Vikash.Kumar\.m2\repository\org\slf4j\slf4j-api\2.0.7\slf4j-api-2.0.7.jar;C:\Users\Vikash.Kumar\.m2\repository\com\github\docker-java\docker-java\3.3.0\docker-java-3.3.0.jar;C:\Users\Vikash.Kumar\.m2\repository\com\github\docker-java\docker-java-core\3.3.0\docker-java-core-3.3.0.jar;C:\Users\Vikash.Kumar\.m2\repository\com\github\docker-java\docker-java-api\3.3.0\docker-java-api-3.3.0.jar;C:\Users\Vikash.Kumar\.m2\repository\org\apache\commons\commons-compress\1.21\commons-compress-1.21.jar;C:\Users\Vikash.Kumar\.m2\repository\org\bouncycastle\bcpkix-jdk15on\1.64\bcpkix-jdk15on-1.64.jar;C:\Users\Vikash.Kumar\.m2\repository\org\bouncycastle\bcprov-jdk15on\1.64\bcprov-jdk15on-1.64.jar;C:\Users\Vikash.Kumar\.m2\repository\org\slf4j\jcl-over-slf4j\1.7.30\jcl-over-slf4j-1.7.30.jar;C:\Users\Vikash.Kumar\.m2\repository\com\github\docker-java\docker-java-transport-httpclient5\3.3.0\docker-java-transport-httpclient5-3.3.0.jar;C:\Users\Vikash.Kumar\.m2\repository\com\github\docker-java\docker-java-transport\3.3.0\docker-java-transport-3.3.0.jar;C:\Users\Vikash.Kumar\.m2\repository\net\java\dev\jna\jna\5.12.1\jna-5.12.1.jar;C:\Users\Vikash.Kumar\.m2\repository\org\brotli\dec\0.1.2\dec-0.1.2.jar;C:\Users\Vikash.Kumar\.m2\repository\org\apache\httpcomponents\client5\httpclient5\5.2.1\httpclient5-5.2.1.jar;C:\Users\Vikash.Kumar\.m2\repository\org\apache\httpcomponents\core5\httpcore5\5.2\httpcore5-5.2.jar;C:\Users\Vikash.Kumar\.m2\repository\org\apache\httpcomponents\core5\httpcore5-h2\5.2\httpcore5-h2-5.2.jar;C:\Users\Vikash.Kumar\.m2\repository\org\slf4j\slf4j-simple\2.0.12\slf4j-simple-2.0.12.jar;C:\Users\Vikash.Kumar\.m2\repository\com\aventstack\extentreports\5.0.9\extentreports-5.0.9.jar;C:\Users\Vikash.Kumar\.m2\repository\io\reactivex\rxjava3\rxjava\3.0.4\rxjava-3.0.4.jar;C:\Users\Vikash.Kumar\.m2\repository\org\reactivestreams\reactive-streams\1.0.3\reactive-streams-1.0.3.jar;C:\Users\Vikash.Kumar\.m2\repository\org\freemarker\freemarker\2.3.30\freemarker-2.3.30.jar;C:\Users\Vikash.Kumar\.m2\repository\tech\grasshopper\extentreports-cucumber6-adapter\2.10.0\extentreports-cucumber6-adapter-2.10.0.jar;C:\Users\Vikash.Kumar\.m2\repository\tech\grasshopper\extent-pdf-report\2.1.0\extent-pdf-report-2.1.0.jar;C:\Users\Vikash.Kumar\.m2\repository\tech\grasshopper\cucumber-pdf-report\2.5.0\cucumber-pdf-report-2.5.0.jar;C:\Users\Vikash.Kumar\.m2\repository\org\apache\pdfbox\pdfbox\2.0.25\pdfbox-2.0.25.jar;C:\Users\Vikash.Kumar\.m2\repository\org\apache\pdfbox\fontbox\2.0.25\fontbox-2.0.25.jar;C:\Users\Vikash.Kumar\.m2\repository\org\knowm\xchart\xchart\3.8.0\xchart-3.8.0.jar;C:\Users\Vikash.Kumar\.m2\repository\de\erichseifert\vectorgraphics2d\VectorGraphics2D\0.13\VectorGraphics2D-0.13.jar;C:\Users\Vikash.Kumar\.m2\repository\de\rototor\pdfbox\graphics2d\0.30\graphics2d-0.30.jar;C:\Users\Vikash.Kumar\.m2\repository\com\madgag\animated-gif-lib\1.4\animated-gif-lib-1.4.jar;C:\Users\Vikash.Kumar\.m2\repository\org\yaml\snakeyaml\1.28\snakeyaml-1.28.jar;C:\Users\Vikash.Kumar\.m2\repository\tech\grasshopper\table-layout\1.4.0\table-layout-1.4.0.jar;C:\Users\Vikash.Kumar\.m2\repository\tech\grasshopper\rest-assured-cucumber-pdf-report\1.1.0\rest-assured-cucumber-pdf-report-1.1.0.jar;C:\Users\Vikash.Kumar\.m2\repository\com\aventstack\klov-reporter\5.0.9\klov-reporter-5.0.9.jar;C:\Users\Vikash.Kumar\.m2\repository\org\mongodb\bson\3.6.4\bson-3.6.4.jar;C:\Users\Vikash.Kumar\.m2\repository\org\apache\httpcomponents\httpclient\4.5.13\httpclient-4.5.13.jar;C:\Users\Vikash.Kumar\.m2\repository\org\apache\httpcomponents\httpcore\4.4.13\httpcore-4.4.13.jar;C:\Users\Vikash.Kumar\.m2\repository\commons-logging\commons-logging\1.2\commons-logging-1.2.jar;C:\Users\Vikash.Kumar\.m2\repository\org\apache\httpcomponents\httpmime\4.5.13\httpmime-4.5.13.jar;C:\Users\Vikash.Kumar\.m2\repository\tech\grasshopper\htmlextentreporter\1.0.0\htmlextentreporter-1.0.0.jar;C:\Users\Vikash.Kumar\.m2\repository\org\mongodb\mongodb-driver\3.3.0\mongodb-driver-3.3.0.jar;C:\Users\Vikash.Kumar\.m2\repository\org\mongodb\mongodb-driver-core\3.3.0\mongodb-driver-core-3.3.0.jar;"/>
    <property name="java.vm.vendor" value="Amazon.com Inc."/>
    <property name="sun.arch.data.model" value="32"/>
    <property name="user.variant" value=""/>
    <property name="java.vendor.url" value="https://aws.amazon.com/corretto/"/>
    <property name="user.timezone" value="Asia/Calcutta"/>
    <property name="java.vm.specification.version" value="1.8"/>
    <property name="os.name" value="Windows 10"/>
    <property name="user.country" value="US"/>
    <property name="sun.java.launcher" value="SUN_STANDARD"/>
    <property name="sun.boot.library.path" value="C:\Program Files (x86)\Amazon Corretto\jdk1.8.0_462\jre\bin"/>
    <property name="sun.java.command" value="C:\Users\Vikash.Kumar\AppData\Local\Temp\surefire2721927642736632571\surefirebooter-20250929135829823_3.jar C:\Users\Vikash.Kumar\AppData\Local\Temp\surefire2721927642736632571 2025-09-29T13-58-29_162-jvmRun1 surefire-20250929135829823_1tmp surefire_0-20250929135829823_2tmp"/>
    <property name="surefire.test.class.path" value="H:\Automation_Workspace\UWAppian\com.UWAppianAutomation\target\test-classes;H:\Automation_Workspace\UWAppian\com.UWAppianAutomation\target\classes;C:\Users\Vikash.Kumar\.m2\repository\junit\junit\4.13.2\junit-4.13.2.jar;C:\Users\Vikash.Kumar\.m2\repository\org\hamcrest\hamcrest-core\1.3\hamcrest-core-1.3.jar;C:\Users\Vikash.Kumar\.m2\repository\org\seleniumhq\selenium\selenium-java\3.141.59\selenium-java-3.141.59.jar;C:\Users\Vikash.Kumar\.m2\repository\org\seleniumhq\selenium\selenium-api\3.141.59\selenium-api-3.141.59.jar;C:\Users\Vikash.Kumar\.m2\repository\org\seleniumhq\selenium\selenium-chrome-driver\3.141.59\selenium-chrome-driver-3.141.59.jar;C:\Users\Vikash.Kumar\.m2\repository\org\seleniumhq\selenium\selenium-edge-driver\3.141.59\selenium-edge-driver-3.141.59.jar;C:\Users\Vikash.Kumar\.m2\repository\org\seleniumhq\selenium\selenium-firefox-driver\3.141.59\selenium-firefox-driver-3.141.59.jar;C:\Users\Vikash.Kumar\.m2\repository\org\seleniumhq\selenium\selenium-ie-driver\3.141.59\selenium-ie-driver-3.141.59.jar;C:\Users\Vikash.Kumar\.m2\repository\org\seleniumhq\selenium\selenium-opera-driver\3.141.59\selenium-opera-driver-3.141.59.jar;C:\Users\Vikash.Kumar\.m2\repository\org\seleniumhq\selenium\selenium-remote-driver\3.141.59\selenium-remote-driver-3.141.59.jar;C:\Users\Vikash.Kumar\.m2\repository\org\seleniumhq\selenium\selenium-safari-driver\3.141.59\selenium-safari-driver-3.141.59.jar;C:\Users\Vikash.Kumar\.m2\repository\org\seleniumhq\selenium\selenium-support\3.141.59\selenium-support-3.141.59.jar;C:\Users\Vikash.Kumar\.m2\repository\net\bytebuddy\byte-buddy\1.8.15\byte-buddy-1.8.15.jar;C:\Users\Vikash.Kumar\.m2\repository\org\apache\commons\commons-exec\1.3\commons-exec-1.3.jar;C:\Users\Vikash.Kumar\.m2\repository\com\google\guava\guava\25.0-jre\guava-25.0-jre.jar;C:\Users\Vikash.Kumar\.m2\repository\com\google\code\findbugs\jsr305\1.3.9\jsr305-1.3.9.jar;C:\Users\Vikash.Kumar\.m2\repository\org\checkerframework\checker-compat-qual\2.0.0\checker-compat-qual-2.0.0.jar;C:\Users\Vikash.Kumar\.m2\repository\com\google\errorprone\error_prone_annotations\2.1.3\error_prone_annotations-2.1.3.jar;C:\Users\Vikash.Kumar\.m2\repository\com\google\j2objc\j2objc-annotations\1.1\j2objc-annotations-1.1.jar;C:\Users\Vikash.Kumar\.m2\repository\org\codehaus\mojo\animal-sniffer-annotations\1.14\animal-sniffer-annotations-1.14.jar;C:\Users\Vikash.Kumar\.m2\repository\com\squareup\okhttp3\okhttp\3.11.0\okhttp-3.11.0.jar;C:\Users\Vikash.Kumar\.m2\repository\com\squareup\okio\okio\1.14.0\okio-1.14.0.jar;C:\Users\Vikash.Kumar\.m2\repository\io\cucumber\cucumber-java\6.11.0\cucumber-java-6.11.0.jar;C:\Users\Vikash.Kumar\.m2\repository\io\cucumber\cucumber-core\6.11.0\cucumber-core-6.11.0.jar;C:\Users\Vikash.Kumar\.m2\repository\io\cucumber\cucumber-gherkin\6.11.0\cucumber-gherkin-6.11.0.jar;C:\Users\Vikash.Kumar\.m2\repository\io\cucumber\cucumber-gherkin-messages\6.11.0\cucumber-gherkin-messages-6.11.0.jar;C:\Users\Vikash.Kumar\.m2\repository\io\cucumber\messages\15.0.0\messages-15.0.0.jar;C:\Users\Vikash.Kumar\.m2\repository\io\cucumber\tag-expressions\3.0.1\tag-expressions-3.0.1.jar;C:\Users\Vikash.Kumar\.m2\repository\io\cucumber\cucumber-expressions\10.3.0\cucumber-expressions-10.3.0.jar;C:\Users\Vikash.Kumar\.m2\repository\io\cucumber\datatable\3.5.0\datatable-3.5.0.jar;C:\Users\Vikash.Kumar\.m2\repository\io\cucumber\cucumber-plugin\6.11.0\cucumber-plugin-6.11.0.jar;C:\Users\Vikash.Kumar\.m2\repository\io\cucumber\docstring\6.11.0\docstring-6.11.0.jar;C:\Users\Vikash.Kumar\.m2\repository\io\cucumber\html-formatter\13.0.0\html-formatter-13.0.0.jar;C:\Users\Vikash.Kumar\.m2\repository\io\cucumber\create-meta\4.0.0\create-meta-4.0.0.jar;C:\Users\Vikash.Kumar\.m2\repository\org\apiguardian\apiguardian-api\1.1.2\apiguardian-api-1.1.2.jar;C:\Users\Vikash.Kumar\.m2\repository\io\cucumber\cucumber-junit\6.11.0\cucumber-junit-6.11.0.jar;C:\Users\Vikash.Kumar\.m2\repository\net\serenity-bdd\serenity-core\3.2.1\serenity-core-3.2.1.jar;C:\Users\Vikash.Kumar\.m2\repository\net\serenity-bdd\serenity-model\3.2.1\serenity-model-3.2.1.jar;C:\Users\Vikash.Kumar\.m2\repository\org\apache\commons\commons-text\1.9\commons-text-1.9.jar;C:\Users\Vikash.Kumar\.m2\repository\commons-net\commons-net\3.8.0\commons-net-3.8.0.jar;C:\Users\Vikash.Kumar\.m2\repository\com\google\inject\guice\5.1.0\guice-5.1.0.jar;C:\Users\Vikash.Kumar\.m2\repository\javax\inject\javax.inject\1\javax.inject-1.jar;C:\Users\Vikash.Kumar\.m2\repository\aopalliance\aopalliance\1.0\aopalliance-1.0.jar;C:\Users\Vikash.Kumar\.m2\repository\org\jsoup\jsoup\1.14.3\jsoup-1.14.3.jar;C:\Users\Vikash.Kumar\.m2\repository\com\thoughtworks\xstream\xstream\1.4.19\xstream-1.4.19.jar;C:\Users\Vikash.Kumar\.m2\repository\io\github\x-stream\mxparser\1.2.2\mxparser-1.2.2.jar;C:\Users\Vikash.Kumar\.m2\repository\xmlpull\xmlpull\1.1.3.1\xmlpull-1.1.3.1.jar;C:\Users\Vikash.Kumar\.m2\repository\com\typesafe\config\1.4.2\config-1.4.2.jar;C:\Users\Vikash.Kumar\.m2\repository\org\imgscalr\imgscalr-lib\4.2\imgscalr-lib-4.2.jar;C:\Users\Vikash.Kumar\.m2\repository\org\awaitility\awaitility\4.2.0\awaitility-4.2.0.jar;C:\Users\Vikash.Kumar\.m2\repository\io\github\classgraph\classgraph\4.8.138\classgraph-4.8.138.jar;C:\Users\Vikash.Kumar\.m2\repository\net\sourceforge\jexcelapi\jxl\2.6.12\jxl-2.6.12.jar;C:\Users\Vikash.Kumar\.m2\repository\net\bytebuddy\byte-buddy-agent\1.12.8\byte-buddy-agent-1.12.8.jar;C:\Users\Vikash.Kumar\.m2\repository\org\objenesis\objenesis\3.1\objenesis-3.1.jar;C:\Users\Vikash.Kumar\.m2\repository\net\serenity-bdd\serenity-reports\3.2.1\serenity-reports-3.2.1.jar;C:\Users\Vikash.Kumar\.m2\repository\net\serenity-bdd\serenity-stats\3.2.1\serenity-stats-3.2.1.jar;C:\Users\Vikash.Kumar\.m2\repository\org\jetbrains\kotlin\kotlin-stdlib\1.6.0\kotlin-stdlib-1.6.0.jar;C:\Users\Vikash.Kumar\.m2\repository\org\jetbrains\annotations\13.0\annotations-13.0.jar;C:\Users\Vikash.Kumar\.m2\repository\org\jetbrains\kotlin\kotlin-stdlib-common\1.6.0\kotlin-stdlib-common-1.6.0.jar;C:\Users\Vikash.Kumar\.m2\repository\net\serenity-bdd\serenity-reports-configuration\3.2.1\serenity-reports-configuration-3.2.1.jar;C:\Users\Vikash.Kumar\.m2\repository\com\vladsch\flexmark\flexmark-all\0.34.30\flexmark-all-0.34.30.jar;C:\Users\Vikash.Kumar\.m2\repository\com\vladsch\flexmark\flexmark\0.34.30\flexmark-0.34.30.jar;C:\Users\Vikash.Kumar\.m2\repository\com\vladsch\flexmark\flexmark-ext-abbreviation\0.34.30\flexmark-ext-abbreviation-0.34.30.jar;C:\Users\Vikash.Kumar\.m2\repository\com\vladsch\flexmark\flexmark-ext-admonition\0.34.30\flexmark-ext-admonition-0.34.30.jar;C:\Users\Vikash.Kumar\.m2\repository\com\vladsch\flexmark\flexmark-ext-anchorlink\0.34.30\flexmark-ext-anchorlink-0.34.30.jar;C:\Users\Vikash.Kumar\.m2\repository\com\vladsch\flexmark\flexmark-ext-aside\0.34.30\flexmark-ext-aside-0.34.30.jar;C:\Users\Vikash.Kumar\.m2\repository\com\vladsch\flexmark\flexmark-ext-attributes\0.34.30\flexmark-ext-attributes-0.34.30.jar;C:\Users\Vikash.Kumar\.m2\repository\com\vladsch\flexmark\flexmark-ext-autolink\0.34.30\flexmark-ext-autolink-0.34.30.jar;C:\Users\Vikash.Kumar\.m2\repository\org\nibor\autolink\autolink\0.6.0\autolink-0.6.0.jar;C:\Users\Vikash.Kumar\.m2\repository\com\vladsch\flexmark\flexmark-ext-definition\0.34.30\flexmark-ext-definition-0.34.30.jar;C:\Users\Vikash.Kumar\.m2\repository\com\vladsch\flexmark\flexmark-ext-emoji\0.34.30\flexmark-ext-emoji-0.34.30.jar;C:\Users\Vikash.Kumar\.m2\repository\com\vladsch\flexmark\flexmark-ext-enumerated-reference\0.34.30\flexmark-ext-enumerated-reference-0.34.30.jar;C:\Users\Vikash.Kumar\.m2\repository\com\vladsch\flexmark\flexmark-ext-escaped-character\0.34.30\flexmark-ext-escaped-character-0.34.30.jar;C:\Users\Vikash.Kumar\.m2\repository\com\vladsch\flexmark\flexmark-ext-footnotes\0.34.30\flexmark-ext-footnotes-0.34.30.jar;C:\Users\Vikash.Kumar\.m2\repository\com\vladsch\flexmark\flexmark-ext-gfm-issues\0.34.30\flexmark-ext-gfm-issues-0.34.30.jar;C:\Users\Vikash.Kumar\.m2\repository\com\vladsch\flexmark\flexmark-ext-gfm-strikethrough\0.34.30\flexmark-ext-gfm-strikethrough-0.34.30.jar;C:\Users\Vikash.Kumar\.m2\repository\com\vladsch\flexmark\flexmark-ext-gfm-tables\0.34.30\flexmark-ext-gfm-tables-0.34.30.jar;C:\Users\Vikash.Kumar\.m2\repository\com\vladsch\flexmark\flexmark-ext-gfm-tasklist\0.34.30\flexmark-ext-gfm-tasklist-0.34.30.jar;C:\Users\Vikash.Kumar\.m2\repository\com\vladsch\flexmark\flexmark-ext-gfm-users\0.34.30\flexmark-ext-gfm-users-0.34.30.jar;C:\Users\Vikash.Kumar\.m2\repository\com\vladsch\flexmark\flexmark-ext-gitlab\0.34.30\flexmark-ext-gitlab-0.34.30.jar;C:\Users\Vikash.Kumar\.m2\repository\com\vladsch\flexmark\flexmark-ext-jekyll-front-matter\0.34.30\flexmark-ext-jekyll-front-matter-0.34.30.jar;C:\Users\Vikash.Kumar\.m2\repository\com\vladsch\flexmark\flexmark-ext-jekyll-tag\0.34.30\flexmark-ext-jekyll-tag-0.34.30.jar;C:\Users\Vikash.Kumar\.m2\repository\com\vladsch\flexmark\flexmark-ext-media-tags\0.34.30\flexmark-ext-media-tags-0.34.30.jar;C:\Users\Vikash.Kumar\.m2\repository\com\vladsch\flexmark\flexmark-test-util\0.34.30\flexmark-test-util-0.34.30.jar;C:\Users\Vikash.Kumar\.m2\repository\com\vladsch\flexmark\flexmark-ext-ins\0.34.30\flexmark-ext-ins-0.34.30.jar;C:\Users\Vikash.Kumar\.m2\repository\com\vladsch\flexmark\flexmark-ext-xwiki-macros\0.34.30\flexmark-ext-xwiki-macros-0.34.30.jar;C:\Users\Vikash.Kumar\.m2\repository\com\vladsch\flexmark\flexmark-ext-superscript\0.34.30\flexmark-ext-superscript-0.34.30.jar;C:\Users\Vikash.Kumar\.m2\repository\com\vladsch\flexmark\flexmark-ext-tables\0.34.30\flexmark-ext-tables-0.34.30.jar;C:\Users\Vikash.Kumar\.m2\repository\com\vladsch\flexmark\flexmark-ext-toc\0.34.30\flexmark-ext-toc-0.34.30.jar;C:\Users\Vikash.Kumar\.m2\repository\com\vladsch\flexmark\flexmark-ext-typographic\0.34.30\flexmark-ext-typographic-0.34.30.jar;C:\Users\Vikash.Kumar\.m2\repository\com\vladsch\flexmark\flexmark-ext-wikilink\0.34.30\flexmark-ext-wikilink-0.34.30.jar;C:\Users\Vikash.Kumar\.m2\repository\com\vladsch\flexmark\flexmark-ext-yaml-front-matter\0.34.30\flexmark-ext-yaml-front-matter-0.34.30.jar;C:\Users\Vikash.Kumar\.m2\repository\com\vladsch\flexmark\flexmark-ext-youtube-embedded\0.34.30\flexmark-ext-youtube-embedded-0.34.30.jar;C:\Users\Vikash.Kumar\.m2\repository\com\vladsch\flexmark\flexmark-formatter\0.34.30\flexmark-formatter-0.34.30.jar;C:\Users\Vikash.Kumar\.m2\repository\com\vladsch\flexmark\flexmark-html-parser\0.34.30\flexmark-html-parser-0.34.30.jar;C:\Users\Vikash.Kumar\.m2\repository\com\vladsch\flexmark\flexmark-jira-converter\0.34.30\flexmark-jira-converter-0.34.30.jar;C:\Users\Vikash.Kumar\.m2\repository\com\vladsch\flexmark\flexmark-pdf-converter\0.34.30\flexmark-pdf-converter-0.34.30.jar;C:\Users\Vikash.Kumar\.m2\repository\com\openhtmltopdf\openhtmltopdf-core\0.0.1-RC13\openhtmltopdf-core-0.0.1-RC13.jar;C:\Users\Vikash.Kumar\.m2\repository\com\openhtmltopdf\openhtmltopdf-pdfbox\0.0.1-RC13\openhtmltopdf-pdfbox-0.0.1-RC13.jar;C:\Users\Vikash.Kumar\.m2\repository\org\apache\pdfbox\xmpbox\2.0.8\xmpbox-2.0.8.jar;C:\Users\Vikash.Kumar\.m2\repository\com\openhtmltopdf\openhtmltopdf-rtl-support\0.0.1-RC13\openhtmltopdf-rtl-support-0.0.1-RC13.jar;C:\Users\Vikash.Kumar\.m2\repository\com\ibm\icu\icu4j\59.1\icu4j-59.1.jar;C:\Users\Vikash.Kumar\.m2\repository\com\openhtmltopdf\openhtmltopdf-jsoup-dom-converter\0.0.1-RC13\openhtmltopdf-jsoup-dom-converter-0.0.1-RC13.jar;C:\Users\Vikash.Kumar\.m2\repository\com\vladsch\flexmark\flexmark-profile-pegdown\0.34.30\flexmark-profile-pegdown-0.34.30.jar;C:\Users\Vikash.Kumar\.m2\repository\com\vladsch\flexmark\flexmark-util\0.34.30\flexmark-util-0.34.30.jar;C:\Users\Vikash.Kumar\.m2\repository\com\vladsch\flexmark\flexmark-youtrack-converter\0.34.30\flexmark-youtrack-converter-0.34.30.jar;C:\Users\Vikash.Kumar\.m2\repository\es\nitaur\markdown\txtmark\0.16\txtmark-0.16.jar;C:\Users\Vikash.Kumar\.m2\repository\net\serenity-bdd\serenity-report-resources\3.2.1\serenity-report-resources-3.2.1.jar;C:\Users\Vikash.Kumar\.m2\repository\com\google\code\gson\gson\2.9.0\gson-2.9.0.jar;C:\Users\Vikash.Kumar\.m2\repository\com\fasterxml\jackson\core\jackson-core\2.13.2\jackson-core-2.13.2.jar;C:\Users\Vikash.Kumar\.m2\repository\com\fasterxml\jackson\core\jackson-databind\2.13.2\jackson-databind-2.13.2.jar;C:\Users\Vikash.Kumar\.m2\repository\com\fasterxml\jackson\core\jackson-annotations\2.13.2\jackson-annotations-2.13.2.jar;C:\Users\Vikash.Kumar\.m2\repository\commons-codec\commons-codec\1.15\commons-codec-1.15.jar;C:\Users\Vikash.Kumar\.m2\repository\commons-io\commons-io\2.11.0\commons-io-2.11.0.jar;C:\Users\Vikash.Kumar\.m2\repository\org\projectlombok\lombok\1.18.20\lombok-1.18.20.jar;C:\Users\Vikash.Kumar\.m2\repository\io\appium\java-client\8.0.0\java-client-8.0.0.jar;C:\Users\Vikash.Kumar\.m2\repository\commons-validator\commons-validator\1.7\commons-validator-1.7.jar;C:\Users\Vikash.Kumar\.m2\repository\commons-digester\commons-digester\2.1\commons-digester-2.1.jar;C:\Users\Vikash.Kumar\.m2\repository\org\aspectj\aspectjweaver\1.9.8\aspectjweaver-1.9.8.jar;C:\Users\Vikash.Kumar\.m2\repository\org\codehaus\groovy\groovy\3.0.10\groovy-3.0.10.jar;C:\Users\Vikash.Kumar\.m2\repository\net\sf\opencsv\opencsv\2.0\opencsv-2.0.jar;C:\Users\Vikash.Kumar\.m2\repository\commons-beanutils\commons-beanutils\1.9.4\commons-beanutils-1.9.4.jar;C:\Users\Vikash.Kumar\.m2\repository\org\apache\commons\commons-lang3\3.12.0\commons-lang3-3.12.0.jar;C:\Users\Vikash.Kumar\.m2\repository\commons-collections\commons-collections\3.2.2\commons-collections-3.2.2.jar;C:\Users\Vikash.Kumar\.m2\repository\org\fluentlenium\fluentlenium-core\0.10.2\fluentlenium-core-0.10.2.jar;C:\Users\Vikash.Kumar\.m2\repository\com\jhlabs\filters\2.0.235\filters-2.0.235.jar;C:\Users\Vikash.Kumar\.m2\repository\com\paulhammant\ngwebdriver\1.1.6\ngwebdriver-1.1.6.jar;C:\Users\Vikash.Kumar\.m2\repository\joda-time\joda-time\2.8.2\joda-time-2.8.2.jar;C:\Users\Vikash.Kumar\.m2\repository\org\hamcrest\hamcrest\2.2\hamcrest-2.2.jar;C:\Users\Vikash.Kumar\.m2\repository\com\google\jimfs\jimfs\1.2\jimfs-1.2.jar;C:\Users\Vikash.Kumar\.m2\repository\org\mockito\mockito-core\3.3.3\mockito-core-3.3.3.jar;C:\Users\Vikash.Kumar\.m2\repository\org\assertj\assertj-core\3.22.0\assertj-core-3.22.0.jar;C:\Users\Vikash.Kumar\.m2\repository\javax\xml\bind\jaxb-api\2.3.1\jaxb-api-2.3.1.jar;C:\Users\Vikash.Kumar\.m2\repository\javax\activation\javax.activation-api\1.2.0\javax.activation-api-1.2.0.jar;C:\Users\Vikash.Kumar\.m2\repository\com\sun\xml\bind\jaxb-core\2.3.0.1\jaxb-core-2.3.0.1.jar;C:\Users\Vikash.Kumar\.m2\repository\com\sun\xml\bind\jaxb-impl\2.3.3\jaxb-impl-2.3.3.jar;C:\Users\Vikash.Kumar\.m2\repository\jakarta\xml\bind\jakarta.xml.bind-api\2.3.3\jakarta.xml.bind-api-2.3.3.jar;C:\Users\Vikash.Kumar\.m2\repository\com\sun\activation\jakarta.activation\1.2.2\jakarta.activation-1.2.2.jar;C:\Users\Vikash.Kumar\.m2\repository\javax\activation\activation\1.1.1\activation-1.1.1.jar;C:\Users\Vikash.Kumar\.m2\repository\io\github\bonigarcia\webdrivermanager\5.3.3\webdrivermanager-5.3.3.jar;C:\Users\Vikash.Kumar\.m2\repository\org\slf4j\slf4j-api\2.0.7\slf4j-api-2.0.7.jar;C:\Users\Vikash.Kumar\.m2\repository\com\github\docker-java\docker-java\3.3.0\docker-java-3.3.0.jar;C:\Users\Vikash.Kumar\.m2\repository\com\github\docker-java\docker-java-core\3.3.0\docker-java-core-3.3.0.jar;C:\Users\Vikash.Kumar\.m2\repository\com\github\docker-java\docker-java-api\3.3.0\docker-java-api-3.3.0.jar;C:\Users\Vikash.Kumar\.m2\repository\org\apache\commons\commons-compress\1.21\commons-compress-1.21.jar;C:\Users\Vikash.Kumar\.m2\repository\org\bouncycastle\bcpkix-jdk15on\1.64\bcpkix-jdk15on-1.64.jar;C:\Users\Vikash.Kumar\.m2\repository\org\bouncycastle\bcprov-jdk15on\1.64\bcprov-jdk15on-1.64.jar;C:\Users\Vikash.Kumar\.m2\repository\org\slf4j\jcl-over-slf4j\1.7.30\jcl-over-slf4j-1.7.30.jar;C:\Users\Vikash.Kumar\.m2\repository\com\github\docker-java\docker-java-transport-httpclient5\3.3.0\docker-java-transport-httpclient5-3.3.0.jar;C:\Users\Vikash.Kumar\.m2\repository\com\github\docker-java\docker-java-transport\3.3.0\docker-java-transport-3.3.0.jar;C:\Users\Vikash.Kumar\.m2\repository\net\java\dev\jna\jna\5.12.1\jna-5.12.1.jar;C:\Users\Vikash.Kumar\.m2\repository\org\brotli\dec\0.1.2\dec-0.1.2.jar;C:\Users\Vikash.Kumar\.m2\repository\org\apache\httpcomponents\client5\httpclient5\5.2.1\httpclient5-5.2.1.jar;C:\Users\Vikash.Kumar\.m2\repository\org\apache\httpcomponents\core5\httpcore5\5.2\httpcore5-5.2.jar;C:\Users\Vikash.Kumar\.m2\repository\org\apache\httpcomponents\core5\httpcore5-h2\5.2\httpcore5-h2-5.2.jar;C:\Users\Vikash.Kumar\.m2\repository\org\slf4j\slf4j-simple\2.0.12\slf4j-simple-2.0.12.jar;C:\Users\Vikash.Kumar\.m2\repository\com\aventstack\extentreports\5.0.9\extentreports-5.0.9.jar;C:\Users\Vikash.Kumar\.m2\repository\io\reactivex\rxjava3\rxjava\3.0.4\rxjava-3.0.4.jar;C:\Users\Vikash.Kumar\.m2\repository\org\reactivestreams\reactive-streams\1.0.3\reactive-streams-1.0.3.jar;C:\Users\Vikash.Kumar\.m2\repository\org\freemarker\freemarker\2.3.30\freemarker-2.3.30.jar;C:\Users\Vikash.Kumar\.m2\repository\tech\grasshopper\extentreports-cucumber6-adapter\2.10.0\extentreports-cucumber6-adapter-2.10.0.jar;C:\Users\Vikash.Kumar\.m2\repository\tech\grasshopper\extent-pdf-report\2.1.0\extent-pdf-report-2.1.0.jar;C:\Users\Vikash.Kumar\.m2\repository\tech\grasshopper\cucumber-pdf-report\2.5.0\cucumber-pdf-report-2.5.0.jar;C:\Users\Vikash.Kumar\.m2\repository\org\apache\pdfbox\pdfbox\2.0.25\pdfbox-2.0.25.jar;C:\Users\Vikash.Kumar\.m2\repository\org\apache\pdfbox\fontbox\2.0.25\fontbox-2.0.25.jar;C:\Users\Vikash.Kumar\.m2\repository\org\knowm\xchart\xchart\3.8.0\xchart-3.8.0.jar;C:\Users\Vikash.Kumar\.m2\repository\de\erichseifert\vectorgraphics2d\VectorGraphics2D\0.13\VectorGraphics2D-0.13.jar;C:\Users\Vikash.Kumar\.m2\repository\de\rototor\pdfbox\graphics2d\0.30\graphics2d-0.30.jar;C:\Users\Vikash.Kumar\.m2\repository\com\madgag\animated-gif-lib\1.4\animated-gif-lib-1.4.jar;C:\Users\Vikash.Kumar\.m2\repository\org\yaml\snakeyaml\1.28\snakeyaml-1.28.jar;C:\Users\Vikash.Kumar\.m2\repository\tech\grasshopper\table-layout\1.4.0\table-layout-1.4.0.jar;C:\Users\Vikash.Kumar\.m2\repository\tech\grasshopper\rest-assured-cucumber-pdf-report\1.1.0\rest-assured-cucumber-pdf-report-1.1.0.jar;C:\Users\Vikash.Kumar\.m2\repository\com\aventstack\klov-reporter\5.0.9\klov-reporter-5.0.9.jar;C:\Users\Vikash.Kumar\.m2\repository\org\mongodb\bson\3.6.4\bson-3.6.4.jar;C:\Users\Vikash.Kumar\.m2\repository\org\apache\httpcomponents\httpclient\4.5.13\httpclient-4.5.13.jar;C:\Users\Vikash.Kumar\.m2\repository\org\apache\httpcomponents\httpcore\4.4.13\httpcore-4.4.13.jar;C:\Users\Vikash.Kumar\.m2\repository\commons-logging\commons-logging\1.2\commons-logging-1.2.jar;C:\Users\Vikash.Kumar\.m2\repository\org\apache\httpcomponents\httpmime\4.5.13\httpmime-4.5.13.jar;C:\Users\Vikash.Kumar\.m2\repository\tech\grasshopper\htmlextentreporter\1.0.0\htmlextentreporter-1.0.0.jar;C:\Users\Vikash.Kumar\.m2\repository\org\mongodb\mongodb-driver\3.3.0\mongodb-driver-3.3.0.jar;C:\Users\Vikash.Kumar\.m2\repository\org\mongodb\mongodb-driver-core\3.3.0\mongodb-driver-core-3.3.0.jar;"/>
    <property name="sun.cpu.endian" value="little"/>
    <property name="user.home" value="C:\Users\Vikash.Kumar"/>
    <property name="user.language" value="en"/>
    <property name="java.specification.vendor" value="Oracle Corporation"/>
    <property name="java.home" value="C:\Program Files (x86)\Amazon Corretto\jdk1.8.0_462\jre"/>
    <property name="basedir" value="H:\Automation_Workspace\UWAppian\com.UWAppianAutomation"/>
    <property name="file.separator" value="\"/>
    <property name="line.separator" value="&#10;"/>
    <property name="java.vm.specification.vendor" value="Oracle Corporation"/>
    <property name="java.specification.name" value="Java Platform API Specification"/>
    <property name="java.awt.graphicsenv" value="sun.awt.Win32GraphicsEnvironment"/>
    <property name="surefire.real.class.path" value="C:\Users\Vikash.Kumar\AppData\Local\Temp\surefire2721927642736632571\surefirebooter-20250929135829823_3.jar"/>
    <property name="sun.boot.class.path" value="C:\Program Files (x86)\Amazon Corretto\jdk1.8.0_462\jre\lib\resources.jar;C:\Program Files (x86)\Amazon Corretto\jdk1.8.0_462\jre\lib\rt.jar;C:\Program Files (x86)\Amazon Corretto\jdk1.8.0_462\jre\lib\sunrsasign.jar;C:\Program Files (x86)\Amazon Corretto\jdk1.8.0_462\jre\lib\jsse.jar;C:\Program Files (x86)\Amazon Corretto\jdk1.8.0_462\jre\lib\jce.jar;C:\Program Files (x86)\Amazon Corretto\jdk1.8.0_462\jre\lib\charsets.jar;C:\Program Files (x86)\Amazon Corretto\jdk1.8.0_462\jre\lib\jfr.jar;C:\Program Files (x86)\Amazon Corretto\jdk1.8.0_462\jre\classes"/>
    <property name="user.script" value=""/>
    <property name="sun.management.compiler" value="HotSpot Tiered Compilers"/>
    <property name="java.runtime.version" value="1.8.0_462-b08"/>
    <property name="user.name" value="Vikash.Kumar"/>
    <property name="path.separator" value=";"/>
    <property name="os.version" value="10.0"/>
    <property name="java.endorsed.dirs" value="C:\Program Files (x86)\Amazon Corretto\jdk1.8.0_462\jre\lib\endorsed"/>
    <property name="java.runtime.name" value="OpenJDK Runtime Environment"/>
    <property name="file.encoding" value="Cp1252"/>
    <property name="java.vm.name" value="OpenJDK Server VM"/>
    <property name="localRepository" value="C:\Users\Vikash.Kumar\.m2\repository"/>
    <property name="java.vendor.url.bug" value="https://github.com/corretto/corretto-8/issues/"/>
    <property name="java.io.tmpdir" value="C:\Users\VIKASH~1.KUM\AppData\Local\Temp\"/>
    <property name="java.version" value="1.8.0_462"/>
    <property name="user.dir" value="H:\Automation_Workspace\UWAppian\com.UWAppianAutomation"/>
    <property name="os.arch" value="x86"/>
    <property name="java.vm.specification.name" value="Java Virtual Machine Specification"/>
    <property name="java.awt.printerjob" value="sun.awt.windows.WPrinterJob"/>
    <property name="sun.os.patch.level" value=""/>
    <property name="java.library.path" value="C:\Program Files (x86)\Amazon Corretto\jdk1.8.0_462\jre\bin;C:\Windows\Sun\Java\bin;C:\Windows\system32;C:\Windows;C:/Program Files/Eclipse IDE//plugins/org.eclipse.justj.openjdk.hotspot.jre.full.win32.x86_64_17.0.2.v20220201-1208/jre/bin/server;C:/Program Files/Eclipse IDE//plugins/org.eclipse.justj.openjdk.hotspot.jre.full.win32.x86_64_17.0.2.v20220201-1208/jre/bin;C:\Program Files (x86)\Amazon Corretto\jdk1.8.0_462\bin;C:\Program Files\Amazon Corretto\jdk24.0.2_12\bin;C:\Program Files\Amazon Corretto\jdk21.0.6_7\bin;C:\Program Files\Amazon Corretto\jdk24.0.0_36\bin;C:\Program Files\Common Files\Oracle\Java\javapath;C:\Program Files\Amazon Corretto\jdk21.0.5_11\bin;C:\Program Files\Amazon Corretto\jdk23.0.1_8\bin;C:\Program Files\Amazon Corretto\jdk21.0.4_7\bin;C:\Users\Vikash.Kumar\AppData\Local\Programs\GnuPG\bin;C:\apache-maven-3.9.6-bin\apache-maven-3.9.6\bin;C:\Program Files\Amazon Corretto\jdk21.0.3_9;C:\Gradle\gradle-8.7\bin;C:\Program Files\PuTTY\;C:\Program Files\dotnet\;C:\Gradle\gradle-8.7\bin;C:\Users\Vikash.Kumar\AppData\Local\Programs\Git\cmd;C:\Users\Vikash.Kumar\AppData\Local\Programs\Gpg4win\..\GnuPG\bin;;C:\Program Files\Eclipse IDE;;."/>
    <property name="java.vm.info" value="mixed mode"/>
    <property name="java.vendor" value="Amazon.com Inc."/>
    <property name="java.vm.version" value="25.462-b08"/>
    <property name="java.specification.maintenance.version" value="6"/>
    <property name="java.ext.dirs" value="C:\Program Files (x86)\Amazon Corretto\jdk1.8.0_462\jre\lib\ext;C:\Windows\Sun\Java\lib\ext"/>
    <property name="sun.io.unicode.encoding" value="UnicodeLittle"/>
    <property name="java.class.version" value="52.0"/>
  </properties>
  <testcase name="Launch Appian process and verify Work Type = &apos;Amend Details&apos; and Work sub-type = &apos;Letter of Authority&apos;" classname="Launch and Verify Appian Process" time="325.436">
    <error message="no such element: Unable to locate element: {&quot;method&quot;:&quot;xpath&quot;,&quot;selector&quot;:&quot;//table[@id=&apos;CustomerDiary&apos;]//tbody//tr[1]//td[2]&quot;}&#10;  (Session info: chrome=140.0.7339.186)&#10;For documentation on this error, please visit: https://www.seleniumhq.org/exceptions/no_such_element.html&#10;Build info: version: &apos;3.141.59&apos;, revision: &apos;e82be7d358&apos;, time: &apos;2018-11-14T08:17:03&apos;&#10;System info: host: &apos;AZRAVD-DWS-145&apos;, ip: &apos;10.120.9.71&apos;, os.name: &apos;Windows 10&apos;, os.arch: &apos;x86&apos;, os.version: &apos;10.0&apos;, java.version: &apos;1.8.0_462&apos;&#10;Driver info: org.openqa.selenium.chrome.ChromeDriver&#10;Capabilities {acceptInsecureCerts: false, browserName: chrome, browserVersion: 140.0.7339.186, chrome: {chromedriverVersion: 140.0.7339.82 (bc93617e21c3..., userDataDir: C:\Users\VIKASH~1.KUM\AppDa...}, fedcm:accounts: true, goog:chromeOptions: {debuggerAddress: localhost:55356}, javascriptEnabled: true, networkConnectionEnabled: false, pageLoadStrategy: normal, platform: WINDOWS, platformName: WINDOWS, proxy: Proxy(), setWindowRect: true, strictFileInteractability: false, timeouts: {implicit: 0, pageLoad: 300000, script: 30000}, unhandledPromptBehavior: dismiss and notify, webauthn:extension:credBlob: true, webauthn:extension:largeBlob: true, webauthn:extension:minPinLength: true, webauthn:extension:prf: true, webauthn:virtualAuthenticators: true}&#10;Session ID: 315685f1121c83e0a774ccff32b0ad06&#10;*** Element info: {Using=xpath, value=//table[@id=&apos;CustomerDiary&apos;]//tbody//tr[1]//td[2]}" type="org.openqa.selenium.NoSuchElementException"><![CDATA[org.openqa.selenium.NoSuchElementException: 
no such element: Unable to locate element: {"method":"xpath","selector":"//table[@id='CustomerDiary']//tbody//tr[1]//td[2]"}
  (Session info: chrome=140.0.7339.186)
For documentation on this error, please visit: https://www.seleniumhq.org/exceptions/no_such_element.html
Build info: version: '3.141.59', revision: 'e82be7d358', time: '2018-11-14T08:17:03'
System info: host: 'AZRAVD-DWS-145', ip: '10.120.9.71', os.name: 'Windows 10', os.arch: 'x86', os.version: '10.0', java.version: '1.8.0_462'
Driver info: org.openqa.selenium.chrome.ChromeDriver
Capabilities {acceptInsecureCerts: false, browserName: chrome, browserVersion: 140.0.7339.186, chrome: {chromedriverVersion: 140.0.7339.82 (bc93617e21c3..., userDataDir: C:\Users\VIKASH~1.KUM\AppDa...}, fedcm:accounts: true, goog:chromeOptions: {debuggerAddress: localhost:55356}, javascriptEnabled: true, networkConnectionEnabled: false, pageLoadStrategy: normal, platform: WINDOWS, platformName: WINDOWS, proxy: Proxy(), setWindowRect: true, strictFileInteractability: false, timeouts: {implicit: 0, pageLoad: 300000, script: 30000}, unhandledPromptBehavior: dismiss and notify, webauthn:extension:credBlob: true, webauthn:extension:largeBlob: true, webauthn:extension:minPinLength: true, webauthn:extension:prf: true, webauthn:virtualAuthenticators: true}
Session ID: 315685f1121c83e0a774ccff32b0ad06
*** Element info: {Using=xpath, value=//table[@id='CustomerDiary']//tbody//tr[1]//td[2]}
	at sun.reflect.NativeConstructorAccessorImpl.newInstance0(Native Method)
	at sun.reflect.NativeConstructorAccessorImpl.newInstance(NativeConstructorAccessorImpl.java:62)
	at sun.reflect.DelegatingConstructorAccessorImpl.newInstance(DelegatingConstructorAccessorImpl.java:45)
	at java.lang.reflect.Constructor.newInstance(Constructor.java:423)
	at org.openqa.selenium.remote.http.W3CHttpResponseCodec.createException(W3CHttpResponseCodec.java:187)
	at org.openqa.selenium.remote.http.W3CHttpResponseCodec.decode(W3CHttpResponseCodec.java:122)
	at org.openqa.selenium.remote.http.W3CHttpResponseCodec.decode(W3CHttpResponseCodec.java:49)
	at org.openqa.selenium.remote.HttpCommandExecutor.execute(HttpCommandExecutor.java:158)
	at org.openqa.selenium.remote.service.DriverCommandExecutor.execute(DriverCommandExecutor.java:83)
	at org.openqa.selenium.remote.RemoteWebDriver.execute(RemoteWebDriver.java:552)
	at org.openqa.selenium.remote.RemoteWebDriver.findElement(RemoteWebDriver.java:323)
	at org.openqa.selenium.remote.RemoteWebDriver.findElementByXPath(RemoteWebDriver.java:428)
	at org.openqa.selenium.By$ByXPath.findElement(By.java:353)
	at org.openqa.selenium.remote.RemoteWebDriver.findElement(RemoteWebDriver.java:315)
	at org.openqa.selenium.support.pagefactory.DefaultElementLocator.findElement(DefaultElementLocator.java:69)
	at org.openqa.selenium.support.pagefactory.internal.LocatingElementHandler.invoke(LocatingElementHandler.java:38)
	at com.sun.proxy.$Proxy22.getText(Unknown Source)
	at pages.Base.extractTrimmedNumber(Base.java:372)
	at pages.AppianUATPage.validateAccountEntryInDiaryTab(AppianUATPage.java:326)
	at stepdefinitions.AppianUATDefinitions.i_click_on_the_diary_tab_and_validate_that_a_new_entry_is_created_in_the_diary(AppianUATDefinitions.java:124)
	at ✽.I click on the Diary tab and validate that a new entry is created in the diary "120032"(file:///H:/Automation_Workspace/UWAppian/com.UWAppianAutomation/src/test/resources/features/AppianUAT.feature:34)
]]></error>
    <system-out><![CDATA[
@AppianProcess1
Scenario Outline: Launch Appian process and verify Work Type = 'Amend Details' and Work sub-type = 'Letter of Authority' # src/test/resources/features/AppianUAT.feature:39
  Given I open appian login page "https://bpm-uat.targetgroup.corp.local/suite/tempo/news/participating"                 # stepdefinitions.LoginDefinitions.iOpenAppianLoginPage(java.lang.String)

    Embedding Step Screenshot [imagepassed/png 18455 bytes]

  When I enter appian username "VIKASHKUMA" and password "Todayis10%"                                                    # stepdefinitions.LoginDefinitions.iEnterAppianUsernameAndPassword(java.lang.String,java.lang.String)

    Embedding Step Screenshot [imagepassed/png 17784 bytes]

  And I click on the appian login button                                                                                 # stepdefinitions.LoginDefinitions.iClickOnTheAppianLoginButton()

    Embedding Step Screenshot [imagepassed/png 11656 bytes]

Page title is: News
Navigated to Appian Home Page successfully, logo is displayed.
  Then I should be navigated to appian home page                                                                         # stepdefinitions.LoginDefinitions.iShouldBeNavigatedToAppianHomePage()

    Embedding Step Screenshot [imagepassed/png 21840 bytes]

  When I click on the Actions tab                                                                                        # stepdefinitions.AppianUATDefinitions.i_click_on_the_actions_tab()

    Embedding Step Screenshot [imagepassed/png 31261 bytes]

Actual Text: Select Portfolio To Launch Process For
Nevigated correct page
  And I scroll down and click on Launch Appian Process                                                                   # stepdefinitions.AppianUATDefinitions.i_scroll_down_and_click_on_launch_appian_process()

    Embedding Step Screenshot [imagepassed/png 27731 bytes]

DEBUG: Found options (29):
  -> 'Please Select...'
  -> 'Accord'
  -> 'Aqua'
  -> 'Aston'
  -> 'Bank of Scotland'
  -> 'Barclays SP'
  -> 'Castle Trust'
  -> 'Chetwood'
  -> 'Coast Finance Solutions'
  -> 'CSI'
  -> 'DAFS'
  -> 'DBS Mortgages'
  -> 'Elderbridge'
  -> 'Elderbridge (Arrow)'
  -> 'Elderbridge (DB)'
  -> 'Elderbridge (Hoist)'
  -> 'Elderbridge Commercial'
  -> 'GE Money'
  -> 'Hartmoor'
  -> 'HSBC'
  -> 'Investec'
  -> 'Magellan'
  -> 'Morgan Stanley'
  -> 'Nava Finance'
  -> 'Norwich and Peterborough'
  -> 'Picture'
  -> 'Rochester'
  -> 'Shawbrook Commercial'
  -> 'Shawbrook Loans'
Clicked option by normal click: Chetwood
  And I select the portfolio name "Chetwood" and click on Next                                                           # stepdefinitions.AppianUATDefinitions.i_select_the_portfolio_name_and_click_on_next(java.lang.String)

    Embedding Step Screenshot [imagepassed/png 28350 bytes]

Actual Text: Enter Entity Id
Entered text: 120032
  And I enter the account number "120032" in the Entity Id field and click on Next                                       # stepdefinitions.AppianUATDefinitions.i_enter_the_account_number_in_the_entity_id_field_and_click_on_next(java.lang.String)

    Embedding Step Screenshot [imagepassed/png 25530 bytes]

Actual Text: Select Process To Launch
DEBUG: Found options (18):
  -> 'Please Select...'
  -> 'Amend Details'
  -> 'Call Back'
  -> 'Case'
  -> 'Case Management'
  -> 'Client Correspondence'
  -> 'Complaints'
  -> 'General Enquiry'
  -> 'Gone Away Mail'
  -> 'Information/Consent Requests'
  -> 'Insolvency'
  -> 'Land Registry Documents'
  -> 'Letter QC'
  -> 'Notification'
  -> 'Payments / Payment Proposal'
  -> 'Redemption'
  -> 'Return of Originals'
  -> 'Third Party Correspondence'
Clicked option by normal click: Client Correspondence
DEBUG: Found options (6):
  -> 'Please Select...'
  -> 'Ad Hoc Letter'
  -> 'Disputed Debt Flag Added'
  -> 'Disputed Debt Flag Removed'
  -> 'Returned Cheque'
  -> 'Returned Mail'
Clicked option by normal click: Returned Cheque
DEBUG: Found options (3):
  -> 'Please Select...'
  -> 'CSL2'
  -> 'CSL1'
Clicked option by normal click: CSL1
  And I select worktype "Client Correspondence", worksubtype "Returned Cheque" and user group "CSL1"                     # stepdefinitions.AppianUATDefinitions.i_select_worktype_worksubtype_and_user_group(java.lang.String,java.lang.String,java.lang.String)

    Embedding Step Screenshot [imagepassed/png 44206 bytes]

Entered text: Test notes for UW
Entered text: Testing
  And I enter notes "Test notes for UW" in the Summary Text and Notes field                                              # stepdefinitions.AppianUATDefinitions.i_enter_notes_in_the_summary_text_and_notes_field(java.lang.String)

    Embedding Step Screenshot [imagepassed/png 37987 bytes]

  And I click on Launch Process                                                                                          # stepdefinitions.AppianUATDefinitions.i_click_on_launch_process()

    Embedding Step Screenshot [imagepassed/png 38789 bytes]

Current Page Title: Confirmation
  Then The Process Launch Confirmation screen should be displayed and closed                                             # stepdefinitions.AppianUATDefinitions.the_process_launch_confirmation_screen_should_be_displayed_and_closed()

    Embedding Step Screenshot [imagepassed/png 26394 bytes]

Current Page Title: Tasks
  When I navigate to the TASK tab                                                                                        # stepdefinitions.AppianUATDefinitions.i_navigate_to_the_task_tab()

    Embedding Step Screenshot [imagepassed/png 22054 bytes]

  And I open Single Step Tasks                                                                                           # stepdefinitions.AppianUATDefinitions.i_open_single_step_tasks()

    Embedding Step Screenshot [imagepassed/png 52888 bytes]

  And I click on Show Report Filters                                                                                     # stepdefinitions.AppianUATDefinitions.i_click_on_Show_Report_Filters()

    Embedding Step Screenshot [imagepassed/png 109071 bytes]

DEBUG: Found options (29):
  -> 'All'
  -> 'Accord'
  -> 'Aqua'
  -> 'Aston'
  -> 'Bank of Scotland'
  -> 'Barclays SP'
  -> 'Castle Trust'
  -> 'Chetwood'
  -> 'Coast Finance Solutions'
  -> 'CSI'
  -> 'DAFS'
  -> 'DBS Mortgages'
  -> 'Elderbridge'
  -> 'Elderbridge (Arrow)'
  -> 'Elderbridge (DB)'
  -> 'Elderbridge (Hoist)'
  -> 'Elderbridge Commercial'
  -> 'GE Money'
  -> 'Hartmoor'
  -> 'HSBC'
  -> 'Investec'
  -> 'Magellan'
  -> 'Morgan Stanley'
  -> 'Nava Finance'
  -> 'Norwich and Peterborough'
  -> 'Picture'
  -> 'Rochester'
  -> 'Shawbrook Commercial'
  -> 'Shawbrook Loans'
Clicked option by normal click: Chetwood
DEBUG: Found options (49):
  -> 'All'
  -> 'Accounts'
  -> 'Amend Details'
  -> 'AML'
  -> 'BACS Post Transaction'
  -> 'BBC'
  -> 'BBC Returned Mail'
  -> 'Call Back'
  -> 'Case'
  -> 'Case Management'
  -> 'Cheque Process'
  -> 'Client Correspondence'
  -> 'Complaints'
  -> 'Customer Manager'
  -> 'Data Maintenance'
  -> 'DB'
  -> 'Debt Respite'
  -> 'Deceased'
  -> 'Exception'
  -> 'GDPR'
  -> 'General Enquiry'
  -> 'Gone Away Mail'
  -> 'Information/Consent Requests'
  -> 'Insolvency'
  -> 'Investment Amendments'
  -> 'Invoice'
  -> 'Land Registry Documents'
  -> 'Legal Pack'
  -> 'Letter QC'
  -> 'Maturity'
  -> 'Maturity Option'
  -> 'MIFID'
  -> 'Notification'
  -> 'Odyssey'
  -> 'Originations'
  -> 'Payments / Payment Proposal'
  -> 'Process Initiation'
  -> 'Product Transfer'
  -> 'QA QC Check'
  -> 'Quality'
  -> 'Redemption'
  -> 'Redemption/Settlement'
  -> 'Remediation'
  -> 'Return of Originals'
  -> 'Surrender'
  -> 'Team Leader Task'
  -> 'Third Party Correspondence'
  -> 'Title Confirmation'
  -> 'Unallocated Funds'
Clicked option by normal click: Client Correspondence
DEBUG: Found options (14):
  -> 'All'
  -> 'Ad Hoc Letter'
  -> 'AdHoc Customer Requests'
  -> 'Client Correspondence'
  -> 'Client Referral'
  -> 'Disputed Debt Flag Added'
  -> 'Disputed Debt Flag Removed'
  -> 'Letter of Waiver'
  -> 'POHO Certificate'
  -> 'Proof of Occupancy'
  -> 'R85 Form'
  -> 'Return Of Mail'
  -> 'Returned Cheque'
  -> 'Returned Mail'
Clicked option by normal click: Returned Cheque
  And I filter with portfolio "Chetwood", worktype "Client Correspondence" and worksubtype "Returned Cheque"             # stepdefinitions.AppianUATDefinitions.i_filter_with_portfolio_worktype_and_worksubtype(java.lang.String,java.lang.String,java.lang.String)

    Embedding Step Screenshot [imagepassed/png 95025 bytes]

  Then The launched process should be displayed as a task                                                                # stepdefinitions.AppianUATDefinitions.the_launched_process_should_be_displayed_as_a_task()

    Embedding Step Screenshot [imagepassed/png 95025 bytes]

  When I select the respective "Returned Cheque" task and click on it                                                    # stepdefinitions.AppianUATDefinitions.i_select_the_respective_task_and_click_on_it(java.lang.String)

    Embedding Step Screenshot [imagepassed/png 120122 bytes]

Page title validation passed. Expected part: 'Single Step : Account', Actual title: Single Step : Account: 120032 (ID:152868)
Current Page Title: Accept Task
  And I click on the Accept Task button                                                                                  # stepdefinitions.AppianUATDefinitions.i_click_on_the_accept_task_button()

    Embedding Step Screenshot [imagepassed/png 52895 bytes]

Page title validation passed. Expected part: 'Single Step : Account', Actual title: Single Step : Account: 120032 (ID:152868)
  And I click on the Complete Task button                                                                                # stepdefinitions.AppianUATDefinitions.i_click_on_the_complete_task_button()

    Embedding Step Screenshot [imagepassed/png 61192 bytes]

Current Page Title: Complete Task
Selected radio button with label: Task has been completed with instruction(s) carried out successfully
DEBUG: Found options (26):
  -> '--- Please Select ---'
  -> 'Please Select'
  -> 'Consumer Search Completed'
  -> 'Compliance'
  -> 'Customer Management'
  -> 'Customer Services'
  -> 'Dissatisfied Customer'
  -> 'Documents Received Today'
  -> 'Fixed Rate First Mortgage'
  -> 'Insolvencies'
  -> 'Insolvency Snapshot'
  -> 'Isolated Incident'
  -> 'Litigation Snapshot'
  -> 'Miscellaneous'
  -> 'Recoveries'
  -> 'Recoveries Snapshot'
  -> 'Settlement Request'
  -> 'Arrears Snapshot'
  -> 'Welcome Call Attempted App 1'
  -> 'Welcome Call Attempted App 2'
  -> 'Welcome Call Completed App 1'
  -> 'Welcome Call Completed App 2'
  -> 'Welcome Call Refused App 1'
  -> 'Welcome Call Refused App 2'
  -> 'Third Party Snapshot'
  -> 'DSAR Requested'
Clicked option by normal click: Customer Management
Entered text: Appian
Entered text: Appian-Returned Cheque
Actual Text: Summary
  And I enter notes "Customer Management" in the UW Summary Notes field and click on Submit button                       # stepdefinitions.AppianUATDefinitions.i_enter_notes_in_the_uw_summary_notes_field_and_click_on_submit_button(java.lang.String)

    Embedding Step Screenshot [imagepassed/png 33167 bytes]

  Given I open UWUat login page "https://uat1-servicing.targetgroup.corp.local/SignOnUAT/login.xhtml"                    # stepdefinitions.LoginDefinitions.iOpenUWUatLoginPage(java.lang.String)

    Embedding Step Screenshot [imagepassed/png 41901 bytes]

  When I enter UWUat username "VIKASHKUMA" and password "Todayis121%Vikash"                                              # stepdefinitions.LoginDefinitions.iEnterUWUatUsernameAndPassword(java.lang.String,java.lang.String)

    Embedding Step Screenshot [imagepassed/png 43200 bytes]

  And I click on the UWUat login button                                                                                  # stepdefinitions.LoginDefinitions.iClickOnTheUWUatLoginButton()

    Embedding Step Screenshot [imagepassed/png 56706 bytes]

Page title validation passed. Expected part: 'Single Sign On', Actual title: Single Sign On 6.0.2 (22/10/2024)
  And I validate the UW home screen is displayed                                                                         # stepdefinitions.AppianUATDefinitions.i_validate_the_uw_home_screen_is_displayed()

    Embedding Step Screenshot [imagepassed/png 56706 bytes]

Page title validation passed. Expected part: 'Chetwood - Universal Workspace', Actual title: Chetwood - Universal Workspace v3.1.11 (15/04/2025)
  And I click on Chetwood BAU and validate the Chetwood home page is displayed                                           # stepdefinitions.AppianUATDefinitions.i_click_on_chetwood_bau_and_validate_the_chetwood_home_page_is_displayed()

    Embedding Step Screenshot [imagepassed/png 18004 bytes]

Entered text: 120032
  And I enter account number "120032" in the Agreement Number field and click on search                                  # stepdefinitions.AppianUATDefinitions.i_enter_account_number_in_the_agreement_number_field_and_click_on_search(java.lang.String)

    Embedding Step Screenshot [imagepassed/png 22014 bytes]

Switched to frame: _iframe-popupWindow
Actual Text: Verified
  And I click on Account Detail and validate the popup is displayed                                                      # stepdefinitions.AppianUATDefinitions.i_click_on_account_detail_and_validate_the_popup_is_displayed()

    Embedding Step Screenshot [imagepassed/png 60020 bytes]

Page title validation passed. Expected part: 'Chetwood - Universal Workspace', Actual title: Chetwood - Universal Workspace v3.1.11 (15/04/2025)
  And I click on the Verified button and validate the Account Detail home page is displayed                              # stepdefinitions.AppianUATDefinitions.i_click_on_the_verified_button_and_validate_the_account_detail_home_page_is_displayed()

    Embedding Step Screenshot [imagepassed/png 21572 bytes]

Switched back to main page (default content)
Hovered and clicked on element: [[ChromeDriver: chrome on WINDOWS (315685f1121c83e0a774ccff32b0ad06)] -> xpath: (//tr[@class='tabRow']//li[@title='Diary']//span[normalize-space(text())='Diary'])[1]]
  And I click on the Diary tab and validate that a new entry is created in the diary "120032"                            # stepdefinitions.AppianUATDefinitions.i_click_on_the_diary_tab_and_validate_that_a_new_entry_is_created_in_the_diary(java.lang.String)
      org.openqa.selenium.NoSuchElementException: no such element: Unable to locate element: {"method":"xpath","selector":"//table[@id='CustomerDiary']//tbody//tr[1]//td[2]"}
  (Session info: chrome=140.0.7339.186)
For documentation on this error, please visit: https://www.seleniumhq.org/exceptions/no_such_element.html
Build info: version: '3.141.59', revision: 'e82be7d358', time: '2018-11-14T08:17:03'
System info: host: 'AZRAVD-DWS-145', ip: '10.120.9.71', os.name: 'Windows 10', os.arch: 'x86', os.version: '10.0', java.version: '1.8.0_462'
Driver info: org.openqa.selenium.chrome.ChromeDriver
Capabilities {acceptInsecureCerts: false, browserName: chrome, browserVersion: 140.0.7339.186, chrome: {chromedriverVersion: 140.0.7339.82 (bc93617e21c3..., userDataDir: C:\Users\VIKASH~1.KUM\AppDa...}, fedcm:accounts: true, goog:chromeOptions: {debuggerAddress: localhost:55356}, javascriptEnabled: true, networkConnectionEnabled: false, pageLoadStrategy: normal, platform: WINDOWS, platformName: WINDOWS, proxy: Proxy(), setWindowRect: true, strictFileInteractability: false, timeouts: {implicit: 0, pageLoad: 300000, script: 30000}, unhandledPromptBehavior: dismiss and notify, webauthn:extension:credBlob: true, webauthn:extension:largeBlob: true, webauthn:extension:minPinLength: true, webauthn:extension:prf: true, webauthn:virtualAuthenticators: true}
Session ID: 315685f1121c83e0a774ccff32b0ad06
*** Element info: {Using=xpath, value=//table[@id='CustomerDiary']//tbody//tr[1]//td[2]}
	at sun.reflect.NativeConstructorAccessorImpl.newInstance0(Native Method)
	at sun.reflect.NativeConstructorAccessorImpl.newInstance(NativeConstructorAccessorImpl.java:62)
	at sun.reflect.DelegatingConstructorAccessorImpl.newInstance(DelegatingConstructorAccessorImpl.java:45)
	at java.lang.reflect.Constructor.newInstance(Constructor.java:423)
	at org.openqa.selenium.remote.http.W3CHttpResponseCodec.createException(W3CHttpResponseCodec.java:187)
	at org.openqa.selenium.remote.http.W3CHttpResponseCodec.decode(W3CHttpResponseCodec.java:122)
	at org.openqa.selenium.remote.http.W3CHttpResponseCodec.decode(W3CHttpResponseCodec.java:49)
	at org.openqa.selenium.remote.HttpCommandExecutor.execute(HttpCommandExecutor.java:158)
	at org.openqa.selenium.remote.service.DriverCommandExecutor.execute(DriverCommandExecutor.java:83)
	at org.openqa.selenium.remote.RemoteWebDriver.execute(RemoteWebDriver.java:552)
	at org.openqa.selenium.remote.RemoteWebDriver.findElement(RemoteWebDriver.java:323)
	at org.openqa.selenium.remote.RemoteWebDriver.findElementByXPath(RemoteWebDriver.java:428)
	at org.openqa.selenium.By$ByXPath.findElement(By.java:353)
	at org.openqa.selenium.remote.RemoteWebDriver.findElement(RemoteWebDriver.java:315)
	at org.openqa.selenium.support.pagefactory.DefaultElementLocator.findElement(DefaultElementLocator.java:69)
	at org.openqa.selenium.support.pagefactory.internal.LocatingElementHandler.invoke(LocatingElementHandler.java:38)
	at com.sun.proxy.$Proxy22.getText(Unknown Source)
	at pages.Base.extractTrimmedNumber(Base.java:372)
	at pages.AppianUATPage.validateAccountEntryInDiaryTab(AppianUATPage.java:326)
	at stepdefinitions.AppianUATDefinitions.i_click_on_the_diary_tab_and_validate_that_a_new_entry_is_created_in_the_diary(AppianUATDefinitions.java:124)
	at âœ½.I click on the Diary tab and validate that a new entry is created in the diary "120032"(file:///H:/Automation_Workspace/UWAppian/com.UWAppianAutomation/src/test/resources/features/AppianUAT.feature:34)


    Embedding Failed Step Screenshot [imagefailed/png 63741 bytes]

  And I logout the UW application                                                                                        # stepdefinitions.AppianUATDefinitions.i_logout_the_uw_application()
]]></system-out>
    <system-err><![CDATA[Starting ChromeDriver 140.0.7339.82 (bc93617e21c39ed4afa6ce1c08554e5aa76d132d-refs/branch-heads/7339_41@{#5}) on port 30615
Only local connections are allowed.
Please see https://chromedriver.chromium.org/security-considerations for suggestions on keeping ChromeDriver safe.
ChromeDriver was started successfully on port 30615.
Sep 29, 2025 1:59:38 PM org.openqa.selenium.remote.ProtocolHandshake createSession
INFO: Detected dialect: W3C
]]></system-err>
  </testcase>
</testsuite>